2023-11-15T11:06:57.525+05:30  INFO 5356 --- [restartedMain] com.example.form.FormApplication         : Starting FormApplication using Java 17.0.8.1 with PID 5356 (/home/assistanz/Downloads/form/target/classes started by assistanz in /home/assistanz/Downloads/form)
2023-11-15T11:06:57.535+05:30  INFO 5356 --- [restartedMain] com.example.form.FormApplication         : No active profile set, falling back to 1 default profile: "default"
2023-11-15T11:06:57.828+05:30  INFO 5356 --- [restartedMain] .e.DevToolsPropertyDefaultsPostProcessor : Devtools property defaults active! Set 'spring.devtools.add-properties' to 'false' to disable
2023-11-15T11:06:57.829+05:30  INFO 5356 --- [restartedMain] .e.DevToolsPropertyDefaultsPostProcessor : For additional web related logging consider setting the 'logging.level.web' property to 'DEBUG'
2023-11-15T11:06:59.474+05:30  INFO 5356 --- [restartedMain] .s.d.r.c.RepositoryConfigurationDelegate : Bootstrapping Spring Data JPA repositories in DEFAULT mode.
2023-11-15T11:06:59.561+05:30  INFO 5356 --- [restartedMain] .s.d.r.c.RepositoryConfigurationDelegate : Finished Spring Data repository scanning in 72 ms. Found 2 JPA repository interfaces.
2023-11-15T11:07:00.686+05:30  INFO 5356 --- [restartedMain] o.s.b.w.embedded.tomcat.TomcatWebServer  : Tomcat initialized with port(s): 8080 (http)
2023-11-15T11:07:00.710+05:30  INFO 5356 --- [restartedMain] o.apache.catalina.core.StandardService   : Starting service [Tomcat]
2023-11-15T11:07:00.711+05:30  INFO 5356 --- [restartedMain] o.apache.catalina.core.StandardEngine    : Starting Servlet engine: [Apache Tomcat/10.1.13]
2023-11-15T11:07:00.814+05:30  INFO 5356 --- [restartedMain] o.a.c.c.C.[Tomcat].[localhost].[/]       : Initializing Spring embedded WebApplicationContext
2023-11-15T11:07:00.815+05:30  INFO 5356 --- [restartedMain] w.s.c.ServletWebServerApplicationContext : Root WebApplicationContext: initialization completed in 2985 ms
2023-11-15T11:07:01.245+05:30  INFO 5356 --- [restartedMain] o.hibernate.jpa.internal.util.LogHelper  : HHH000204: Processing PersistenceUnitInfo [name: default]
2023-11-15T11:07:01.395+05:30  INFO 5356 --- [restartedMain] org.hibernate.Version                    : HHH000412: Hibernate ORM core version 6.2.9.Final
2023-11-15T11:07:01.398+05:30  INFO 5356 --- [restartedMain] org.hibernate.cfg.Environment            : HHH000406: Using bytecode reflection optimizer
2023-11-15T11:07:01.640+05:30  INFO 5356 --- [restartedMain] o.h.b.i.BytecodeProviderInitiator        : HHH000021: Bytecode provider name : bytebuddy
2023-11-15T11:07:01.957+05:30  INFO 5356 --- [restartedMain] o.s.o.j.p.SpringPersistenceUnitInfo      : No LoadTimeWeaver setup: ignoring JPA class transformer
2023-11-15T11:07:02.005+05:30  INFO 5356 --- [restartedMain] com.zaxxer.hikari.HikariDataSource       : HikariPool-1 - Starting...
2023-11-15T11:07:02.350+05:30  INFO 5356 --- [restartedMain] com.zaxxer.hikari.pool.HikariPool        : HikariPool-1 - Added connection com.mysql.cj.jdbc.ConnectionImpl@3192be9d
2023-11-15T11:07:02.353+05:30  INFO 5356 --- [restartedMain] com.zaxxer.hikari.HikariDataSource       : HikariPool-1 - Start completed.
2023-11-15T11:07:02.772+05:30  INFO 5356 --- [restartedMain] o.h.b.i.BytecodeProviderInitiator        : HHH000021: Bytecode provider name : bytebuddy
2023-11-15T11:07:03.635+05:30  INFO 5356 --- [restartedMain] o.h.e.t.j.p.i.JtaPlatformInitiator       : HHH000490: Using JtaPlatform implementation: [org.hibernate.engine.transaction.jta.platform.internal.NoJtaPlatform]
2023-11-15T11:07:03.743+05:30  INFO 5356 --- [restartedMain] j.LocalContainerEntityManagerFactoryBean : Initialized JPA EntityManagerFactory for persistence unit 'default'
2023-11-15T11:07:04.238+05:30  INFO 5356 --- [restartedMain] o.s.d.j.r.query.QueryEnhancerFactory     : Hibernate is in classpath; If applicable, HQL parser will be used.
2023-11-15T11:07:04.881+05:30  WARN 5356 --- [restartedMain] JpaBaseConfiguration$JpaWebConfiguration : spring.jpa.open-in-view is enabled by default. Therefore, database queries may be performed during view rendering. Explicitly configure spring.jpa.open-in-view to disable this warning
2023-11-15T11:07:05.155+05:30  INFO 5356 --- [restartedMain] o.s.b.a.w.s.WelcomePageHandlerMapping    : Adding welcome page: class path resource [static/index.html]
2023-11-15T11:07:05.393+05:30  WARN 5356 --- [restartedMain] ion$DefaultTemplateResolverConfiguration : Cannot find template location: classpath:/templates/ (please add some templates, check your Thymeleaf configuration, or set spring.thymeleaf.check-template-location=false)
2023-11-15T11:07:05.541+05:30  INFO 5356 --- [restartedMain] o.s.b.d.a.OptionalLiveReloadServer       : LiveReload server is running on port 35729
2023-11-15T11:07:05.603+05:30  INFO 5356 --- [restartedMain] o.s.b.w.embedded.tomcat.TomcatWebServer  : Tomcat started on port(s): 8080 (http) with context path ''
2023-11-15T11:07:05.639+05:30  INFO 5356 --- [restartedMain] com.example.form.FormApplication         : Started FormApplication in 9.01 seconds (process running for 10.444)
2023-11-15T11:07:57.874+05:30  INFO 5356 --- [SpringApplicationShutdownHook] j.LocalContainerEntityManagerFactoryBean : Closing JPA EntityManagerFactory for persistence unit 'default'
2023-11-15T11:07:57.879+05:30  INFO 5356 --- [SpringApplicationShutdownHook] com.zaxxer.hikari.HikariDataSource       : HikariPool-1 - Shutdown initiated...
2023-11-15T11:07:57.895+05:30  INFO 5356 --- [SpringApplicationShutdownHook] com.zaxxer.hikari.HikariDataSource       : HikariPool-1 - Shutdown completed.
2023-11-15T11:08:04.397+05:30  INFO 5444 --- [restartedMain] com.example.form.FormApplication         : Starting FormApplication using Java 17.0.8.1 with PID 5444 (/home/assistanz/Downloads/form/target/classes started by assistanz in /home/assistanz/Downloads/form)
2023-11-15T11:08:04.408+05:30  INFO 5444 --- [restartedMain] com.example.form.FormApplication         : No active profile set, falling back to 1 default profile: "default"
2023-11-15T11:08:04.545+05:30  INFO 5444 --- [restartedMain] .e.DevToolsPropertyDefaultsPostProcessor : Devtools property defaults active! Set 'spring.devtools.add-properties' to 'false' to disable
2023-11-15T11:08:04.545+05:30  INFO 5444 --- [restartedMain] .e.DevToolsPropertyDefaultsPostProcessor : For additional web related logging consider setting the 'logging.level.web' property to 'DEBUG'
2023-11-15T11:08:05.620+05:30  INFO 5444 --- [restartedMain] .s.d.r.c.RepositoryConfigurationDelegate : Bootstrapping Spring Data JPA repositories in DEFAULT mode.
2023-11-15T11:08:05.686+05:30  INFO 5444 --- [restartedMain] .s.d.r.c.RepositoryConfigurationDelegate : Finished Spring Data repository scanning in 54 ms. Found 2 JPA repository interfaces.
2023-11-15T11:08:06.652+05:30  INFO 5444 --- [restartedMain] o.s.b.w.embedded.tomcat.TomcatWebServer  : Tomcat initialized with port(s): 8080 (http)
2023-11-15T11:08:06.667+05:30  INFO 5444 --- [restartedMain] o.apache.catalina.core.StandardService   : Starting service [Tomcat]
2023-11-15T11:08:06.668+05:30  INFO 5444 --- [restartedMain] o.apache.catalina.core.StandardEngine    : Starting Servlet engine: [Apache Tomcat/10.1.13]
2023-11-15T11:08:06.751+05:30  INFO 5444 --- [restartedMain] o.a.c.c.C.[Tomcat].[localhost].[/]       : Initializing Spring embedded WebApplicationContext
2023-11-15T11:08:06.751+05:30  INFO 5444 --- [restartedMain] w.s.c.ServletWebServerApplicationContext : Root WebApplicationContext: initialization completed in 2205 ms
2023-11-15T11:08:06.967+05:30  INFO 5444 --- [restartedMain] o.hibernate.jpa.internal.util.LogHelper  : HHH000204: Processing PersistenceUnitInfo [name: default]
2023-11-15T11:08:07.036+05:30  INFO 5444 --- [restartedMain] org.hibernate.Version                    : HHH000412: Hibernate ORM core version 6.2.9.Final
2023-11-15T11:08:07.039+05:30  INFO 5444 --- [restartedMain] org.hibernate.cfg.Environment            : HHH000406: Using bytecode reflection optimizer
2023-11-15T11:08:07.201+05:30  INFO 5444 --- [restartedMain] o.h.b.i.BytecodeProviderInitiator        : HHH000021: Bytecode provider name : bytebuddy
2023-11-15T11:08:07.333+05:30  INFO 5444 --- [restartedMain] o.s.o.j.p.SpringPersistenceUnitInfo      : No LoadTimeWeaver setup: ignoring JPA class transformer
2023-11-15T11:08:07.358+05:30  INFO 5444 --- [restartedMain] com.zaxxer.hikari.HikariDataSource       : HikariPool-1 - Starting...
2023-11-15T11:08:07.603+05:30  INFO 5444 --- [restartedMain] com.zaxxer.hikari.pool.HikariPool        : HikariPool-1 - Added connection com.mysql.cj.jdbc.ConnectionImpl@5b1b3b29
2023-11-15T11:08:07.609+05:30  INFO 5444 --- [restartedMain] com.zaxxer.hikari.HikariDataSource       : HikariPool-1 - Start completed.
2023-11-15T11:08:08.009+05:30  INFO 5444 --- [restartedMain] o.h.b.i.BytecodeProviderInitiator        : HHH000021: Bytecode provider name : bytebuddy
2023-11-15T11:08:08.810+05:30  INFO 5444 --- [restartedMain] o.h.e.t.j.p.i.JtaPlatformInitiator       : HHH000490: Using JtaPlatform implementation: [org.hibernate.engine.transaction.jta.platform.internal.NoJtaPlatform]
2023-11-15T11:08:08.892+05:30  INFO 5444 --- [restartedMain] j.LocalContainerEntityManagerFactoryBean : Initialized JPA EntityManagerFactory for persistence unit 'default'
2023-11-15T11:08:09.271+05:30  INFO 5444 --- [restartedMain] o.s.d.j.r.query.QueryEnhancerFactory     : Hibernate is in classpath; If applicable, HQL parser will be used.
2023-11-15T11:08:09.751+05:30  WARN 5444 --- [restartedMain] JpaBaseConfiguration$JpaWebConfiguration : spring.jpa.open-in-view is enabled by default. Therefore, database queries may be performed during view rendering. Explicitly configure spring.jpa.open-in-view to disable this warning
2023-11-15T11:08:09.970+05:30  INFO 5444 --- [restartedMain] o.s.b.a.w.s.WelcomePageHandlerMapping    : Adding welcome page: class path resource [static/index.html]
2023-11-15T11:08:10.137+05:30  WARN 5444 --- [restartedMain] ion$DefaultTemplateResolverConfiguration : Cannot find template location: classpath:/templates/ (please add some templates, check your Thymeleaf configuration, or set spring.thymeleaf.check-template-location=false)
2023-11-15T11:08:10.248+05:30  INFO 5444 --- [restartedMain] o.s.b.d.a.OptionalLiveReloadServer       : LiveReload server is running on port 35729
2023-11-15T11:08:10.293+05:30  INFO 5444 --- [restartedMain] o.s.b.w.embedded.tomcat.TomcatWebServer  : Tomcat started on port(s): 8080 (http) with context path ''
2023-11-15T11:08:10.316+05:30  INFO 5444 --- [restartedMain] com.example.form.FormApplication         : Started FormApplication in 6.527 seconds (process running for 7.317)
2023-11-15T11:09:49.266+05:30  INFO 5444 --- [SpringApplicationShutdownHook] j.LocalContainerEntityManagerFactoryBean : Closing JPA EntityManagerFactory for persistence unit 'default'
2023-11-15T11:09:49.270+05:30  INFO 5444 --- [SpringApplicationShutdownHook] com.zaxxer.hikari.HikariDataSource       : HikariPool-1 - Shutdown initiated...
2023-11-15T11:09:49.282+05:30  INFO 5444 --- [SpringApplicationShutdownHook] com.zaxxer.hikari.HikariDataSource       : HikariPool-1 - Shutdown completed.
2023-11-15T11:09:53.362+05:30  INFO 5526 --- [restartedMain] com.example.form.FormApplication         : Starting FormApplication using Java 17.0.8.1 with PID 5526 (/home/assistanz/Downloads/form/target/classes started by assistanz in /home/assistanz/Downloads/form)
2023-11-15T11:09:53.366+05:30  INFO 5526 --- [restartedMain] com.example.form.FormApplication         : No active profile set, falling back to 1 default profile: "default"
2023-11-15T11:09:53.537+05:30  INFO 5526 --- [restartedMain] .e.DevToolsPropertyDefaultsPostProcessor : Devtools property defaults active! Set 'spring.devtools.add-properties' to 'false' to disable
2023-11-15T11:09:53.538+05:30  INFO 5526 --- [restartedMain] .e.DevToolsPropertyDefaultsPostProcessor : For additional web related logging consider setting the 'logging.level.web' property to 'DEBUG'
2023-11-15T11:09:54.524+05:30  INFO 5526 --- [restartedMain] .s.d.r.c.RepositoryConfigurationDelegate : Bootstrapping Spring Data JPA repositories in DEFAULT mode.
2023-11-15T11:09:54.610+05:30  INFO 5526 --- [restartedMain] .s.d.r.c.RepositoryConfigurationDelegate : Finished Spring Data repository scanning in 73 ms. Found 2 JPA repository interfaces.
2023-11-15T11:09:55.631+05:30  INFO 5526 --- [restartedMain] o.s.b.w.embedded.tomcat.TomcatWebServer  : Tomcat initialized with port(s): 8080 (http)
2023-11-15T11:09:55.651+05:30  INFO 5526 --- [restartedMain] o.apache.catalina.core.StandardService   : Starting service [Tomcat]
2023-11-15T11:09:55.652+05:30  INFO 5526 --- [restartedMain] o.apache.catalina.core.StandardEngine    : Starting Servlet engine: [Apache Tomcat/10.1.13]
2023-11-15T11:09:55.761+05:30  INFO 5526 --- [restartedMain] o.a.c.c.C.[Tomcat].[localhost].[/]       : Initializing Spring embedded WebApplicationContext
2023-11-15T11:09:55.762+05:30  INFO 5526 --- [restartedMain] w.s.c.ServletWebServerApplicationContext : Root WebApplicationContext: initialization completed in 2222 ms
2023-11-15T11:09:56.039+05:30  INFO 5526 --- [restartedMain] o.hibernate.jpa.internal.util.LogHelper  : HHH000204: Processing PersistenceUnitInfo [name: default]
2023-11-15T11:09:56.120+05:30  INFO 5526 --- [restartedMain] org.hibernate.Version                    : HHH000412: Hibernate ORM core version 6.2.9.Final
2023-11-15T11:09:56.123+05:30  INFO 5526 --- [restartedMain] org.hibernate.cfg.Environment            : HHH000406: Using bytecode reflection optimizer
2023-11-15T11:09:56.299+05:30  INFO 5526 --- [restartedMain] o.h.b.i.BytecodeProviderInitiator        : HHH000021: Bytecode provider name : bytebuddy
2023-11-15T11:09:56.480+05:30  INFO 5526 --- [restartedMain] o.s.o.j.p.SpringPersistenceUnitInfo      : No LoadTimeWeaver setup: ignoring JPA class transformer
2023-11-15T11:09:56.506+05:30  INFO 5526 --- [restartedMain] com.zaxxer.hikari.HikariDataSource       : HikariPool-1 - Starting...
2023-11-15T11:09:56.764+05:30  INFO 5526 --- [restartedMain] com.zaxxer.hikari.pool.HikariPool        : HikariPool-1 - Added connection com.mysql.cj.jdbc.ConnectionImpl@6ced335e
2023-11-15T11:09:56.768+05:30  INFO 5526 --- [restartedMain] com.zaxxer.hikari.HikariDataSource       : HikariPool-1 - Start completed.
2023-11-15T11:09:57.178+05:30  INFO 5526 --- [restartedMain] o.h.b.i.BytecodeProviderInitiator        : HHH000021: Bytecode provider name : bytebuddy
2023-11-15T11:09:58.046+05:30  INFO 5526 --- [restartedMain] o.h.e.t.j.p.i.JtaPlatformInitiator       : HHH000490: Using JtaPlatform implementation: [org.hibernate.engine.transaction.jta.platform.internal.NoJtaPlatform]
2023-11-15T11:09:58.164+05:30  INFO 5526 --- [restartedMain] j.LocalContainerEntityManagerFactoryBean : Initialized JPA EntityManagerFactory for persistence unit 'default'
2023-11-15T11:09:58.644+05:30  INFO 5526 --- [restartedMain] o.s.d.j.r.query.QueryEnhancerFactory     : Hibernate is in classpath; If applicable, HQL parser will be used.
2023-11-15T11:09:59.317+05:30  WARN 5526 --- [restartedMain] JpaBaseConfiguration$JpaWebConfiguration : spring.jpa.open-in-view is enabled by default. Therefore, database queries may be performed during view rendering. Explicitly configure spring.jpa.open-in-view to disable this warning
2023-11-15T11:09:59.586+05:30  INFO 5526 --- [restartedMain] o.s.b.a.w.s.WelcomePageHandlerMapping    : Adding welcome page: class path resource [static/index.html]
2023-11-15T11:09:59.797+05:30  WARN 5526 --- [restartedMain] ion$DefaultTemplateResolverConfiguration : Cannot find template location: classpath:/templates/ (please add some templates, check your Thymeleaf configuration, or set spring.thymeleaf.check-template-location=false)
2023-11-15T11:09:59.928+05:30  INFO 5526 --- [restartedMain] o.s.b.d.a.OptionalLiveReloadServer       : LiveReload server is running on port 35729
2023-11-15T11:10:00.001+05:30  INFO 5526 --- [restartedMain] o.s.b.w.embedded.tomcat.TomcatWebServer  : Tomcat started on port(s): 8080 (http) with context path ''
2023-11-15T11:10:00.016+05:30  INFO 5526 --- [restartedMain] com.example.form.FormApplication         : Started FormApplication in 7.357 seconds (process running for 8.15)
2023-11-15T11:16:12.019+05:30  INFO 5526 --- [SpringApplicationShutdownHook] j.LocalContainerEntityManagerFactoryBean : Closing JPA EntityManagerFactory for persistence unit 'default'
2023-11-15T11:16:12.024+05:30  INFO 5526 --- [SpringApplicationShutdownHook] com.zaxxer.hikari.HikariDataSource       : HikariPool-1 - Shutdown initiated...
2023-11-15T11:16:12.034+05:30  INFO 5526 --- [SpringApplicationShutdownHook] com.zaxxer.hikari.HikariDataSource       : HikariPool-1 - Shutdown completed.
15:11:2023 11:20:21 [32mINFO  5944[0;39m --- [  restartedMain]  [32mcom.example.form.FormApplication          : Starting FormApplication using Java 17.0.8.1 with PID 5944 (/home/assistanz/Downloads/form/target/classes started by assistanz in /home/assistanz/Downloads/form)
[0;39m15:11:2023 11:20:21 [32mINFO  5944[0;39m --- [  restartedMain]  [32mcom.example.form.FormApplication          : No active profile set, falling back to 1 default profile: "default"
[0;39m15:11:2023 11:20:21 [32mINFO  5944[0;39m --- [  restartedMain]  [32mnv.DevToolsPropertyDefaultsPostProcessor  : Devtools property defaults active! Set 'spring.devtools.add-properties' to 'false' to disable
[0;39m15:11:2023 11:20:21 [32mINFO  5944[0;39m --- [  restartedMain]  [32mnv.DevToolsPropertyDefaultsPostProcessor  : For additional web related logging consider setting the 'logging.level.web' property to 'DEBUG'
[0;39m15:11:2023 11:20:23 [32mINFO  5944[0;39m --- [  restartedMain]  [32my.config.RepositoryConfigurationDelegate  : Bootstrapping Spring Data JPA repositories in DEFAULT mode.
[0;39m15:11:2023 11:20:23 [32mINFO  5944[0;39m --- [  restartedMain]  [32my.config.RepositoryConfigurationDelegate  : Finished Spring Data repository scanning in 75 ms. Found 2 JPA repository interfaces.
[0;39m15:11:2023 11:20:24 [32mINFO  5944[0;39m --- [  restartedMain]  [32mboot.web.embedded.tomcat.TomcatWebServer  : Tomcat initialized with port(s): 8080 (http)
[0;39m15:11:2023 11:20:24 [32mINFO  5944[0;39m --- [  restartedMain]  [32morg.apache.catalina.core.StandardService  : Starting service [Tomcat]
[0;39m15:11:2023 11:20:24 [32mINFO  5944[0;39m --- [  restartedMain]  [32morg.apache.catalina.core.StandardEngine   : Starting Servlet engine: [Apache Tomcat/10.1.13]
[0;39m15:11:2023 11:20:24 [32mINFO  5944[0;39m --- [  restartedMain]  [32me.ContainerBase.[Tomcat].[localhost].[/]  : Initializing Spring embedded WebApplicationContext
[0;39m15:11:2023 11:20:24 [32mINFO  5944[0;39m --- [  restartedMain]  [32mntext.ServletWebServerApplicationContext  : Root WebApplicationContext: initialization completed in 2333 ms
[0;39m15:11:2023 11:20:24 [32mINFO  5944[0;39m --- [  restartedMain]  [32mrg.hibernate.jpa.internal.util.LogHelper  : HHH000204: Processing PersistenceUnitInfo [name: default]
[0;39m15:11:2023 11:20:24 [32mINFO  5944[0;39m --- [  restartedMain]  [32morg.hibernate.Version                     : HHH000412: Hibernate ORM core version 6.2.9.Final
[0;39m15:11:2023 11:20:24 [32mINFO  5944[0;39m --- [  restartedMain]  [32morg.hibernate.cfg.Environment             : HHH000406: Using bytecode reflection optimizer
[0;39m15:11:2023 11:20:24 [32mINFO  5944[0;39m --- [  restartedMain]  [32mecode.internal.BytecodeProviderInitiator  : HHH000021: Bytecode provider name : bytebuddy
[0;39m15:11:2023 11:20:24 [32mINFO  5944[0;39m --- [  restartedMain]  [32mersistenceunit.SpringPersistenceUnitInfo  : No LoadTimeWeaver setup: ignoring JPA class transformer
[0;39m15:11:2023 11:20:24 [32mINFO  5944[0;39m --- [  restartedMain]  [32mcom.zaxxer.hikari.HikariDataSource        : HikariPool-1 - Starting...
[0;39m15:11:2023 11:20:25 [32mINFO  5944[0;39m --- [  restartedMain]  [32mcom.zaxxer.hikari.pool.HikariPool         : HikariPool-1 - Added connection com.mysql.cj.jdbc.ConnectionImpl@6bbf8bc0
[0;39m15:11:2023 11:20:25 [32mINFO  5944[0;39m --- [  restartedMain]  [32mcom.zaxxer.hikari.HikariDataSource        : HikariPool-1 - Start completed.
[0;39m15:11:2023 11:20:25 [32mINFO  5944[0;39m --- [  restartedMain]  [32mecode.internal.BytecodeProviderInitiator  : HHH000021: Bytecode provider name : bytebuddy
[0;39m15:11:2023 11:20:26 [32mINFO  5944[0;39m --- [  restartedMain]  [32ma.platform.internal.JtaPlatformInitiator  : HHH000490: Using JtaPlatform implementation: [org.hibernate.engine.transaction.jta.platform.internal.NoJtaPlatform]
[0;39m15:11:2023 11:20:26 [32mINFO  5944[0;39m --- [  restartedMain]  [32ma.LocalContainerEntityManagerFactoryBean  : Initialized JPA EntityManagerFactory for persistence unit 'default'
[0;39m15:11:2023 11:20:26 [32mINFO  5944[0;39m --- [  restartedMain]  [32mpa.repository.query.QueryEnhancerFactory  : Hibernate is in classpath; If applicable, HQL parser will be used.
[0;39m15:11:2023 11:20:27 [33mWARN  5944[0;39m --- [  restartedMain]  [33mJpaBaseConfiguration$JpaWebConfiguration  : spring.jpa.open-in-view is enabled by default. Therefore, database queries may be performed during view rendering. Explicitly configure spring.jpa.open-in-view to disable this warning
[0;39m15:11:2023 11:20:27 [32mINFO  5944[0;39m --- [  restartedMain]  [32mre.web.servlet.WelcomePageHandlerMapping  : Adding welcome page: class path resource [static/index.html]
[0;39m15:11:2023 11:20:27 [33mWARN  5944[0;39m --- [  restartedMain]  [33mion$DefaultTemplateResolverConfiguration  : Cannot find template location: classpath:/templates/ (please add some templates, check your Thymeleaf configuration, or set spring.thymeleaf.check-template-location=false)
[0;39m15:11:2023 11:20:27 [32mINFO  5944[0;39m --- [  restartedMain]  [32ms.autoconfigure.OptionalLiveReloadServer  : LiveReload server is running on port 35729
[0;39m15:11:2023 11:20:27 [32mINFO  5944[0;39m --- [  restartedMain]  [32mboot.web.embedded.tomcat.TomcatWebServer  : Tomcat started on port(s): 8080 (http) with context path ''
[0;39m15:11:2023 11:20:27 [32mINFO  5944[0;39m --- [  restartedMain]  [32mcom.example.form.FormApplication          : Started FormApplication in 6.508 seconds (process running for 7.33)
[0;39m15:11:2023 11:21:37 [32mINFO  5944[0;39m --- [ionShutdownHook]  [32ma.LocalContainerEntityManagerFactoryBean  : Closing JPA EntityManagerFactory for persistence unit 'default'
[0;39m15:11:2023 11:21:37 [32mINFO  5944[0;39m --- [ionShutdownHook]  [32mcom.zaxxer.hikari.HikariDataSource        : HikariPool-1 - Shutdown initiated...
[0;39m15:11:2023 11:21:37 [32mINFO  5944[0;39m --- [ionShutdownHook]  [32mcom.zaxxer.hikari.HikariDataSource        : HikariPool-1 - Shutdown completed.
[0;39m15:11:2023 11:21:42 INFO  6030 --- [  restartedMain]  com.example.form.FormApplication          : Starting FormApplication using Java 17.0.8.1 with PID 6030 (/home/assistanz/Downloads/form/target/classes started by assistanz in /home/assistanz/Downloads/form)
15:11:2023 11:21:42 INFO  6030 --- [  restartedMain]  com.example.form.FormApplication          : No active profile set, falling back to 1 default profile: "default"
15:11:2023 11:21:42 INFO  6030 --- [  restartedMain]  nv.DevToolsPropertyDefaultsPostProcessor  : Devtools property defaults active! Set 'spring.devtools.add-properties' to 'false' to disable
15:11:2023 11:21:42 INFO  6030 --- [  restartedMain]  nv.DevToolsPropertyDefaultsPostProcessor  : For additional web related logging consider setting the 'logging.level.web' property to 'DEBUG'
15:11:2023 11:21:43 INFO  6030 --- [  restartedMain]  y.config.RepositoryConfigurationDelegate  : Bootstrapping Spring Data JPA repositories in DEFAULT mode.
15:11:2023 11:21:43 INFO  6030 --- [  restartedMain]  y.config.RepositoryConfigurationDelegate  : Finished Spring Data repository scanning in 90 ms. Found 2 JPA repository interfaces.
15:11:2023 11:21:44 INFO  6030 --- [  restartedMain]  boot.web.embedded.tomcat.TomcatWebServer  : Tomcat initialized with port(s): 8080 (http)
15:11:2023 11:21:44 INFO  6030 --- [  restartedMain]  org.apache.catalina.core.StandardService  : Starting service [Tomcat]
15:11:2023 11:21:44 INFO  6030 --- [  restartedMain]  org.apache.catalina.core.StandardEngine   : Starting Servlet engine: [Apache Tomcat/10.1.13]
15:11:2023 11:21:44 INFO  6030 --- [  restartedMain]  e.ContainerBase.[Tomcat].[localhost].[/]  : Initializing Spring embedded WebApplicationContext
15:11:2023 11:21:44 INFO  6030 --- [  restartedMain]  ntext.ServletWebServerApplicationContext  : Root WebApplicationContext: initialization completed in 2317 ms
15:11:2023 11:21:44 INFO  6030 --- [  restartedMain]  rg.hibernate.jpa.internal.util.LogHelper  : HHH000204: Processing PersistenceUnitInfo [name: default]
15:11:2023 11:21:45 INFO  6030 --- [  restartedMain]  org.hibernate.Version                     : HHH000412: Hibernate ORM core version 6.2.9.Final
15:11:2023 11:21:45 INFO  6030 --- [  restartedMain]  org.hibernate.cfg.Environment             : HHH000406: Using bytecode reflection optimizer
15:11:2023 11:21:45 INFO  6030 --- [  restartedMain]  ecode.internal.BytecodeProviderInitiator  : HHH000021: Bytecode provider name : bytebuddy
15:11:2023 11:21:45 INFO  6030 --- [  restartedMain]  ersistenceunit.SpringPersistenceUnitInfo  : No LoadTimeWeaver setup: ignoring JPA class transformer
15:11:2023 11:21:45 INFO  6030 --- [  restartedMain]  com.zaxxer.hikari.HikariDataSource        : HikariPool-1 - Starting...
15:11:2023 11:21:45 INFO  6030 --- [  restartedMain]  com.zaxxer.hikari.pool.HikariPool         : HikariPool-1 - Added connection com.mysql.cj.jdbc.ConnectionImpl@588a8b40
15:11:2023 11:21:45 INFO  6030 --- [  restartedMain]  com.zaxxer.hikari.HikariDataSource        : HikariPool-1 - Start completed.
15:11:2023 11:21:45 INFO  6030 --- [  restartedMain]  ecode.internal.BytecodeProviderInitiator  : HHH000021: Bytecode provider name : bytebuddy
15:11:2023 11:21:46 INFO  6030 --- [  restartedMain]  a.platform.internal.JtaPlatformInitiator  : HHH000490: Using JtaPlatform implementation: [org.hibernate.engine.transaction.jta.platform.internal.NoJtaPlatform]
15:11:2023 11:21:46 INFO  6030 --- [  restartedMain]  a.LocalContainerEntityManagerFactoryBean  : Initialized JPA EntityManagerFactory for persistence unit 'default'
15:11:2023 11:21:47 INFO  6030 --- [  restartedMain]  pa.repository.query.QueryEnhancerFactory  : Hibernate is in classpath; If applicable, HQL parser will be used.
15:11:2023 11:21:47 WARN  6030 --- [  restartedMain]  JpaBaseConfiguration$JpaWebConfiguration  : spring.jpa.open-in-view is enabled by default. Therefore, database queries may be performed during view rendering. Explicitly configure spring.jpa.open-in-view to disable this warning
15:11:2023 11:21:47 INFO  6030 --- [  restartedMain]  re.web.servlet.WelcomePageHandlerMapping  : Adding welcome page: class path resource [static/index.html]
15:11:2023 11:21:47 WARN  6030 --- [  restartedMain]  ion$DefaultTemplateResolverConfiguration  : Cannot find template location: classpath:/templates/ (please add some templates, check your Thymeleaf configuration, or set spring.thymeleaf.check-template-location=false)
15:11:2023 11:21:48 INFO  6030 --- [  restartedMain]  s.autoconfigure.OptionalLiveReloadServer  : LiveReload server is running on port 35729
15:11:2023 11:21:48 INFO  6030 --- [  restartedMain]  boot.web.embedded.tomcat.TomcatWebServer  : Tomcat started on port(s): 8080 (http) with context path ''
15:11:2023 11:21:48 INFO  6030 --- [  restartedMain]  com.example.form.FormApplication          : Started FormApplication in 6.492 seconds (process running for 7.18)
15:11:2023 11:27:20 INFO  6132 --- [  restartedMain]  com.example.form.FormApplication          : Starting FormApplication using Java 17.0.8.1 with PID 6132 (/home/assistanz/Downloads/form/target/classes started by assistanz in /home/assistanz/Downloads/form)
15:11:2023 11:27:20 INFO  6132 --- [  restartedMain]  com.example.form.FormApplication          : No active profile set, falling back to 1 default profile: "default"
15:11:2023 11:27:20 INFO  6132 --- [  restartedMain]  nv.DevToolsPropertyDefaultsPostProcessor  : Devtools property defaults active! Set 'spring.devtools.add-properties' to 'false' to disable
15:11:2023 11:27:20 INFO  6132 --- [  restartedMain]  nv.DevToolsPropertyDefaultsPostProcessor  : For additional web related logging consider setting the 'logging.level.web' property to 'DEBUG'
15:11:2023 11:27:21 INFO  6132 --- [  restartedMain]  y.config.RepositoryConfigurationDelegate  : Bootstrapping Spring Data JPA repositories in DEFAULT mode.
15:11:2023 11:27:21 INFO  6132 --- [  restartedMain]  y.config.RepositoryConfigurationDelegate  : Finished Spring Data repository scanning in 72 ms. Found 2 JPA repository interfaces.
15:11:2023 11:27:22 INFO  6132 --- [  restartedMain]  boot.web.embedded.tomcat.TomcatWebServer  : Tomcat initialized with port(s): 8080 (http)
15:11:2023 11:27:22 INFO  6132 --- [  restartedMain]  org.apache.catalina.core.StandardService  : Starting service [Tomcat]
15:11:2023 11:27:22 INFO  6132 --- [  restartedMain]  org.apache.catalina.core.StandardEngine   : Starting Servlet engine: [Apache Tomcat/10.1.13]
15:11:2023 11:27:22 INFO  6132 --- [  restartedMain]  e.ContainerBase.[Tomcat].[localhost].[/]  : Initializing Spring embedded WebApplicationContext
15:11:2023 11:27:22 INFO  6132 --- [  restartedMain]  ntext.ServletWebServerApplicationContext  : Root WebApplicationContext: initialization completed in 2192 ms
15:11:2023 11:27:22 INFO  6132 --- [  restartedMain]  rg.hibernate.jpa.internal.util.LogHelper  : HHH000204: Processing PersistenceUnitInfo [name: default]
15:11:2023 11:27:23 INFO  6132 --- [  restartedMain]  org.hibernate.Version                     : HHH000412: Hibernate ORM core version 6.2.9.Final
15:11:2023 11:27:23 INFO  6132 --- [  restartedMain]  org.hibernate.cfg.Environment             : HHH000406: Using bytecode reflection optimizer
15:11:2023 11:27:23 INFO  6132 --- [  restartedMain]  ecode.internal.BytecodeProviderInitiator  : HHH000021: Bytecode provider name : bytebuddy
15:11:2023 11:27:23 INFO  6132 --- [  restartedMain]  ersistenceunit.SpringPersistenceUnitInfo  : No LoadTimeWeaver setup: ignoring JPA class transformer
15:11:2023 11:27:23 INFO  6132 --- [  restartedMain]  com.zaxxer.hikari.HikariDataSource        : HikariPool-1 - Starting...
15:11:2023 11:27:23 INFO  6132 --- [  restartedMain]  com.zaxxer.hikari.pool.HikariPool         : HikariPool-1 - Added connection com.mysql.cj.jdbc.ConnectionImpl@588a8b40
15:11:2023 11:27:23 INFO  6132 --- [  restartedMain]  com.zaxxer.hikari.HikariDataSource        : HikariPool-1 - Start completed.
15:11:2023 11:27:24 INFO  6132 --- [  restartedMain]  ecode.internal.BytecodeProviderInitiator  : HHH000021: Bytecode provider name : bytebuddy
15:11:2023 11:27:24 INFO  6132 --- [  restartedMain]  a.platform.internal.JtaPlatformInitiator  : HHH000490: Using JtaPlatform implementation: [org.hibernate.engine.transaction.jta.platform.internal.NoJtaPlatform]
15:11:2023 11:27:25 INFO  6132 --- [  restartedMain]  a.LocalContainerEntityManagerFactoryBean  : Initialized JPA EntityManagerFactory for persistence unit 'default'
15:11:2023 11:27:25 INFO  6132 --- [  restartedMain]  pa.repository.query.QueryEnhancerFactory  : Hibernate is in classpath; If applicable, HQL parser will be used.
15:11:2023 11:27:25 WARN  6132 --- [  restartedMain]  JpaBaseConfiguration$JpaWebConfiguration  : spring.jpa.open-in-view is enabled by default. Therefore, database queries may be performed during view rendering. Explicitly configure spring.jpa.open-in-view to disable this warning
15:11:2023 11:27:26 INFO  6132 --- [  restartedMain]  re.web.servlet.WelcomePageHandlerMapping  : Adding welcome page: class path resource [static/index.html]
15:11:2023 11:27:26 WARN  6132 --- [  restartedMain]  ion$DefaultTemplateResolverConfiguration  : Cannot find template location: classpath:/templates/ (please add some templates, check your Thymeleaf configuration, or set spring.thymeleaf.check-template-location=false)
15:11:2023 11:27:26 INFO  6132 --- [  restartedMain]  s.autoconfigure.OptionalLiveReloadServer  : LiveReload server is running on port 35729
15:11:2023 11:27:26 INFO  6132 --- [  restartedMain]  boot.web.embedded.tomcat.TomcatWebServer  : Tomcat started on port(s): 8080 (http) with context path ''
15:11:2023 11:27:26 INFO  6132 --- [  restartedMain]  com.example.form.FormApplication          : Started FormApplication in 6.5 seconds (process running for 7.161)
15:11:2023 11:27:26 INFO  6132 --- [ionShutdownHook]  a.LocalContainerEntityManagerFactoryBean  : Closing JPA EntityManagerFactory for persistence unit 'default'
15:11:2023 11:27:26 INFO  6132 --- [ionShutdownHook]  com.zaxxer.hikari.HikariDataSource        : HikariPool-1 - Shutdown initiated...
15:11:2023 11:27:26 INFO  6132 --- [ionShutdownHook]  com.zaxxer.hikari.HikariDataSource        : HikariPool-1 - Shutdown completed.
15:11:2023 11:27:47 INFO  6201 --- [  restartedMain]  com.example.form.FormApplication          : Starting FormApplication using Java 17.0.8.1 with PID 6201 (/home/assistanz/Downloads/form/target/classes started by assistanz in /home/assistanz/Downloads/form)
15:11:2023 11:27:47 INFO  6201 --- [  restartedMain]  com.example.form.FormApplication          : No active profile set, falling back to 1 default profile: "default"
15:11:2023 11:27:47 INFO  6201 --- [  restartedMain]  nv.DevToolsPropertyDefaultsPostProcessor  : Devtools property defaults active! Set 'spring.devtools.add-properties' to 'false' to disable
15:11:2023 11:27:47 INFO  6201 --- [  restartedMain]  nv.DevToolsPropertyDefaultsPostProcessor  : For additional web related logging consider setting the 'logging.level.web' property to 'DEBUG'
15:11:2023 11:27:48 INFO  6201 --- [  restartedMain]  y.config.RepositoryConfigurationDelegate  : Bootstrapping Spring Data JPA repositories in DEFAULT mode.
15:11:2023 11:27:48 INFO  6201 --- [  restartedMain]  y.config.RepositoryConfigurationDelegate  : Finished Spring Data repository scanning in 79 ms. Found 2 JPA repository interfaces.
15:11:2023 11:27:49 INFO  6201 --- [  restartedMain]  boot.web.embedded.tomcat.TomcatWebServer  : Tomcat initialized with port(s): 8080 (http)
15:11:2023 11:27:49 INFO  6201 --- [  restartedMain]  org.apache.catalina.core.StandardService  : Starting service [Tomcat]
15:11:2023 11:27:49 INFO  6201 --- [  restartedMain]  org.apache.catalina.core.StandardEngine   : Starting Servlet engine: [Apache Tomcat/10.1.13]
15:11:2023 11:27:49 INFO  6201 --- [  restartedMain]  e.ContainerBase.[Tomcat].[localhost].[/]  : Initializing Spring embedded WebApplicationContext
15:11:2023 11:27:49 INFO  6201 --- [  restartedMain]  ntext.ServletWebServerApplicationContext  : Root WebApplicationContext: initialization completed in 2133 ms
15:11:2023 11:27:49 INFO  6201 --- [  restartedMain]  rg.hibernate.jpa.internal.util.LogHelper  : HHH000204: Processing PersistenceUnitInfo [name: default]
15:11:2023 11:27:49 INFO  6201 --- [  restartedMain]  org.hibernate.Version                     : HHH000412: Hibernate ORM core version 6.2.9.Final
15:11:2023 11:27:49 INFO  6201 --- [  restartedMain]  org.hibernate.cfg.Environment             : HHH000406: Using bytecode reflection optimizer
15:11:2023 11:27:49 INFO  6201 --- [  restartedMain]  ecode.internal.BytecodeProviderInitiator  : HHH000021: Bytecode provider name : bytebuddy
15:11:2023 11:27:50 INFO  6201 --- [  restartedMain]  ersistenceunit.SpringPersistenceUnitInfo  : No LoadTimeWeaver setup: ignoring JPA class transformer
15:11:2023 11:27:50 INFO  6201 --- [  restartedMain]  com.zaxxer.hikari.HikariDataSource        : HikariPool-1 - Starting...
15:11:2023 11:27:50 INFO  6201 --- [  restartedMain]  com.zaxxer.hikari.pool.HikariPool         : HikariPool-1 - Added connection com.mysql.cj.jdbc.ConnectionImpl@79382ed4
15:11:2023 11:27:50 INFO  6201 --- [  restartedMain]  com.zaxxer.hikari.HikariDataSource        : HikariPool-1 - Start completed.
15:11:2023 11:27:50 INFO  6201 --- [  restartedMain]  ecode.internal.BytecodeProviderInitiator  : HHH000021: Bytecode provider name : bytebuddy
15:11:2023 11:27:51 INFO  6201 --- [  restartedMain]  a.platform.internal.JtaPlatformInitiator  : HHH000490: Using JtaPlatform implementation: [org.hibernate.engine.transaction.jta.platform.internal.NoJtaPlatform]
15:11:2023 11:27:51 INFO  6201 --- [  restartedMain]  a.LocalContainerEntityManagerFactoryBean  : Initialized JPA EntityManagerFactory for persistence unit 'default'
15:11:2023 11:27:51 INFO  6201 --- [  restartedMain]  pa.repository.query.QueryEnhancerFactory  : Hibernate is in classpath; If applicable, HQL parser will be used.
15:11:2023 11:27:52 WARN  6201 --- [  restartedMain]  JpaBaseConfiguration$JpaWebConfiguration  : spring.jpa.open-in-view is enabled by default. Therefore, database queries may be performed during view rendering. Explicitly configure spring.jpa.open-in-view to disable this warning
15:11:2023 11:27:52 INFO  6201 --- [  restartedMain]  re.web.servlet.WelcomePageHandlerMapping  : Adding welcome page: class path resource [static/index.html]
15:11:2023 11:27:52 WARN  6201 --- [  restartedMain]  ion$DefaultTemplateResolverConfiguration  : Cannot find template location: classpath:/templates/ (please add some templates, check your Thymeleaf configuration, or set spring.thymeleaf.check-template-location=false)
15:11:2023 11:27:53 INFO  6201 --- [  restartedMain]  s.autoconfigure.OptionalLiveReloadServer  : LiveReload server is running on port 35729
15:11:2023 11:27:53 INFO  6201 --- [  restartedMain]  boot.web.embedded.tomcat.TomcatWebServer  : Tomcat started on port(s): 8080 (http) with context path ''
15:11:2023 11:27:53 INFO  6201 --- [  restartedMain]  com.example.form.FormApplication          : Started FormApplication in 6.575 seconds (process running for 7.378)
15:11:2023 11:28:07 INFO  6201 --- [ionShutdownHook]  a.LocalContainerEntityManagerFactoryBean  : Closing JPA EntityManagerFactory for persistence unit 'default'
15:11:2023 11:28:07 INFO  6201 --- [ionShutdownHook]  com.zaxxer.hikari.HikariDataSource        : HikariPool-1 - Shutdown initiated...
15:11:2023 11:28:07 INFO  6201 --- [ionShutdownHook]  com.zaxxer.hikari.HikariDataSource        : HikariPool-1 - Shutdown completed.
15:11:2023 11:29:13 INFO  6271 --- [  restartedMain]  com.example.form.FormApplication          : Starting FormApplication using Java 17.0.8.1 with PID 6271 (/home/assistanz/Downloads/form/target/classes started by assistanz in /home/assistanz/Downloads/form)
15:11:2023 11:29:13 INFO  6271 --- [  restartedMain]  com.example.form.FormApplication          : No active profile set, falling back to 1 default profile: "default"
15:11:2023 11:29:13 INFO  6271 --- [  restartedMain]  nv.DevToolsPropertyDefaultsPostProcessor  : Devtools property defaults active! Set 'spring.devtools.add-properties' to 'false' to disable
15:11:2023 11:29:13 INFO  6271 --- [  restartedMain]  nv.DevToolsPropertyDefaultsPostProcessor  : For additional web related logging consider setting the 'logging.level.web' property to 'DEBUG'
15:11:2023 11:29:14 INFO  6271 --- [  restartedMain]  y.config.RepositoryConfigurationDelegate  : Bootstrapping Spring Data JPA repositories in DEFAULT mode.
15:11:2023 11:29:14 INFO  6271 --- [  restartedMain]  y.config.RepositoryConfigurationDelegate  : Finished Spring Data repository scanning in 67 ms. Found 2 JPA repository interfaces.
15:11:2023 11:29:15 INFO  6271 --- [  restartedMain]  boot.web.embedded.tomcat.TomcatWebServer  : Tomcat initialized with port(s): 8080 (http)
15:11:2023 11:29:15 INFO  6271 --- [  restartedMain]  org.apache.catalina.core.StandardService  : Starting service [Tomcat]
15:11:2023 11:29:15 INFO  6271 --- [  restartedMain]  org.apache.catalina.core.StandardEngine   : Starting Servlet engine: [Apache Tomcat/10.1.13]
15:11:2023 11:29:16 INFO  6271 --- [  restartedMain]  e.ContainerBase.[Tomcat].[localhost].[/]  : Initializing Spring embedded WebApplicationContext
15:11:2023 11:29:16 INFO  6271 --- [  restartedMain]  ntext.ServletWebServerApplicationContext  : Root WebApplicationContext: initialization completed in 2272 ms
15:11:2023 11:29:16 INFO  6271 --- [  restartedMain]  rg.hibernate.jpa.internal.util.LogHelper  : HHH000204: Processing PersistenceUnitInfo [name: default]
15:11:2023 11:29:16 INFO  6271 --- [  restartedMain]  org.hibernate.Version                     : HHH000412: Hibernate ORM core version 6.2.9.Final
15:11:2023 11:29:16 INFO  6271 --- [  restartedMain]  org.hibernate.cfg.Environment             : HHH000406: Using bytecode reflection optimizer
15:11:2023 11:29:16 INFO  6271 --- [  restartedMain]  ecode.internal.BytecodeProviderInitiator  : HHH000021: Bytecode provider name : bytebuddy
15:11:2023 11:29:16 INFO  6271 --- [  restartedMain]  ersistenceunit.SpringPersistenceUnitInfo  : No LoadTimeWeaver setup: ignoring JPA class transformer
15:11:2023 11:29:16 INFO  6271 --- [  restartedMain]  com.zaxxer.hikari.HikariDataSource        : HikariPool-1 - Starting...
15:11:2023 11:29:16 INFO  6271 --- [  restartedMain]  com.zaxxer.hikari.pool.HikariPool         : HikariPool-1 - Added connection com.mysql.cj.jdbc.ConnectionImpl@2a4ff282
15:11:2023 11:29:16 INFO  6271 --- [  restartedMain]  com.zaxxer.hikari.HikariDataSource        : HikariPool-1 - Start completed.
15:11:2023 11:29:17 INFO  6271 --- [  restartedMain]  ecode.internal.BytecodeProviderInitiator  : HHH000021: Bytecode provider name : bytebuddy
15:11:2023 11:29:18 INFO  6271 --- [  restartedMain]  a.platform.internal.JtaPlatformInitiator  : HHH000490: Using JtaPlatform implementation: [org.hibernate.engine.transaction.jta.platform.internal.NoJtaPlatform]
15:11:2023 11:29:18 INFO  6271 --- [  restartedMain]  a.LocalContainerEntityManagerFactoryBean  : Initialized JPA EntityManagerFactory for persistence unit 'default'
15:11:2023 11:29:18 INFO  6271 --- [  restartedMain]  pa.repository.query.QueryEnhancerFactory  : Hibernate is in classpath; If applicable, HQL parser will be used.
15:11:2023 11:29:19 WARN  6271 --- [  restartedMain]  JpaBaseConfiguration$JpaWebConfiguration  : spring.jpa.open-in-view is enabled by default. Therefore, database queries may be performed during view rendering. Explicitly configure spring.jpa.open-in-view to disable this warning
15:11:2023 11:29:19 INFO  6271 --- [  restartedMain]  re.web.servlet.WelcomePageHandlerMapping  : Adding welcome page: class path resource [static/index.html]
15:11:2023 11:29:19 WARN  6271 --- [  restartedMain]  ion$DefaultTemplateResolverConfiguration  : Cannot find template location: classpath:/templates/ (please add some templates, check your Thymeleaf configuration, or set spring.thymeleaf.check-template-location=false)
15:11:2023 11:29:19 INFO  6271 --- [  restartedMain]  s.autoconfigure.OptionalLiveReloadServer  : LiveReload server is running on port 35729
15:11:2023 11:29:19 INFO  6271 --- [  restartedMain]  boot.web.embedded.tomcat.TomcatWebServer  : Tomcat started on port(s): 8080 (http) with context path ''
15:11:2023 11:29:19 INFO  6271 --- [  restartedMain]  com.example.form.FormApplication          : Started FormApplication in 6.672 seconds (process running for 7.318)
15:11:2023 11:29:19 INFO  6271 --- [ionShutdownHook]  a.LocalContainerEntityManagerFactoryBean  : Closing JPA EntityManagerFactory for persistence unit 'default'
15:11:2023 11:29:19 INFO  6271 --- [ionShutdownHook]  com.zaxxer.hikari.HikariDataSource        : HikariPool-1 - Shutdown initiated...
15:11:2023 11:29:19 INFO  6271 --- [ionShutdownHook]  com.zaxxer.hikari.HikariDataSource        : HikariPool-1 - Shutdown completed.
15:11:2023 11:29:41 INFO  6348 --- [  restartedMain]  com.example.form.FormApplication          : Starting FormApplication using Java 17.0.8.1 with PID 6348 (/home/assistanz/Downloads/form/target/classes started by assistanz in /home/assistanz/Downloads/form)
15:11:2023 11:29:41 INFO  6348 --- [  restartedMain]  com.example.form.FormApplication          : No active profile set, falling back to 1 default profile: "default"
15:11:2023 11:29:41 INFO  6348 --- [  restartedMain]  nv.DevToolsPropertyDefaultsPostProcessor  : Devtools property defaults active! Set 'spring.devtools.add-properties' to 'false' to disable
15:11:2023 11:29:41 INFO  6348 --- [  restartedMain]  nv.DevToolsPropertyDefaultsPostProcessor  : For additional web related logging consider setting the 'logging.level.web' property to 'DEBUG'
15:11:2023 11:29:42 INFO  6348 --- [  restartedMain]  y.config.RepositoryConfigurationDelegate  : Bootstrapping Spring Data JPA repositories in DEFAULT mode.
15:11:2023 11:29:42 INFO  6348 --- [  restartedMain]  y.config.RepositoryConfigurationDelegate  : Finished Spring Data repository scanning in 81 ms. Found 2 JPA repository interfaces.
15:11:2023 11:29:43 INFO  6348 --- [  restartedMain]  boot.web.embedded.tomcat.TomcatWebServer  : Tomcat initialized with port(s): 8080 (http)
15:11:2023 11:29:43 INFO  6348 --- [  restartedMain]  org.apache.catalina.core.StandardService  : Starting service [Tomcat]
15:11:2023 11:29:43 INFO  6348 --- [  restartedMain]  org.apache.catalina.core.StandardEngine   : Starting Servlet engine: [Apache Tomcat/10.1.13]
15:11:2023 11:29:44 INFO  6348 --- [  restartedMain]  e.ContainerBase.[Tomcat].[localhost].[/]  : Initializing Spring embedded WebApplicationContext
15:11:2023 11:29:44 INFO  6348 --- [  restartedMain]  ntext.ServletWebServerApplicationContext  : Root WebApplicationContext: initialization completed in 2221 ms
15:11:2023 11:29:44 INFO  6348 --- [  restartedMain]  rg.hibernate.jpa.internal.util.LogHelper  : HHH000204: Processing PersistenceUnitInfo [name: default]
15:11:2023 11:29:44 INFO  6348 --- [  restartedMain]  org.hibernate.Version                     : HHH000412: Hibernate ORM core version 6.2.9.Final
15:11:2023 11:29:44 INFO  6348 --- [  restartedMain]  org.hibernate.cfg.Environment             : HHH000406: Using bytecode reflection optimizer
15:11:2023 11:29:44 INFO  6348 --- [  restartedMain]  ecode.internal.BytecodeProviderInitiator  : HHH000021: Bytecode provider name : bytebuddy
15:11:2023 11:29:44 INFO  6348 --- [  restartedMain]  ersistenceunit.SpringPersistenceUnitInfo  : No LoadTimeWeaver setup: ignoring JPA class transformer
15:11:2023 11:29:44 INFO  6348 --- [  restartedMain]  com.zaxxer.hikari.HikariDataSource        : HikariPool-1 - Starting...
15:11:2023 11:29:44 INFO  6348 --- [  restartedMain]  com.zaxxer.hikari.pool.HikariPool         : HikariPool-1 - Added connection com.mysql.cj.jdbc.ConnectionImpl@d4a6cd3
15:11:2023 11:29:44 INFO  6348 --- [  restartedMain]  com.zaxxer.hikari.HikariDataSource        : HikariPool-1 - Start completed.
15:11:2023 11:29:45 INFO  6348 --- [  restartedMain]  ecode.internal.BytecodeProviderInitiator  : HHH000021: Bytecode provider name : bytebuddy
15:11:2023 11:29:46 INFO  6348 --- [  restartedMain]  a.platform.internal.JtaPlatformInitiator  : HHH000490: Using JtaPlatform implementation: [org.hibernate.engine.transaction.jta.platform.internal.NoJtaPlatform]
15:11:2023 11:29:46 INFO  6348 --- [  restartedMain]  a.LocalContainerEntityManagerFactoryBean  : Initialized JPA EntityManagerFactory for persistence unit 'default'
15:11:2023 11:29:46 INFO  6348 --- [  restartedMain]  pa.repository.query.QueryEnhancerFactory  : Hibernate is in classpath; If applicable, HQL parser will be used.
15:11:2023 11:29:47 WARN  6348 --- [  restartedMain]  JpaBaseConfiguration$JpaWebConfiguration  : spring.jpa.open-in-view is enabled by default. Therefore, database queries may be performed during view rendering. Explicitly configure spring.jpa.open-in-view to disable this warning
15:11:2023 11:29:47 INFO  6348 --- [  restartedMain]  re.web.servlet.WelcomePageHandlerMapping  : Adding welcome page: class path resource [static/index.html]
15:11:2023 11:29:47 WARN  6348 --- [  restartedMain]  ion$DefaultTemplateResolverConfiguration  : Cannot find template location: classpath:/templates/ (please add some templates, check your Thymeleaf configuration, or set spring.thymeleaf.check-template-location=false)
15:11:2023 11:29:47 INFO  6348 --- [  restartedMain]  s.autoconfigure.OptionalLiveReloadServer  : LiveReload server is running on port 35729
15:11:2023 11:29:47 INFO  6348 --- [  restartedMain]  boot.web.embedded.tomcat.TomcatWebServer  : Tomcat started on port(s): 8080 (http) with context path ''
15:11:2023 11:29:47 INFO  6348 --- [  restartedMain]  com.example.form.FormApplication          : Started FormApplication in 7.028 seconds (process running for 7.677)
15:11:2023 11:30:34 INFO  6348 --- [ionShutdownHook]  a.LocalContainerEntityManagerFactoryBean  : Closing JPA EntityManagerFactory for persistence unit 'default'
15:11:2023 11:30:34 INFO  6348 --- [ionShutdownHook]  com.zaxxer.hikari.HikariDataSource        : HikariPool-1 - Shutdown initiated...
15:11:2023 11:30:34 INFO  6348 --- [ionShutdownHook]  com.zaxxer.hikari.HikariDataSource        : HikariPool-1 - Shutdown completed.
15:11:2023 11:30:39 INFO  6426 --- [  restartedMain]  com.example.form.FormApplication          : Starting FormApplication using Java 17.0.8.1 with PID 6426 (/home/assistanz/Downloads/form/target/classes started by assistanz in /home/assistanz/Downloads/form)
15:11:2023 11:30:39 INFO  6426 --- [  restartedMain]  com.example.form.FormApplication          : No active profile set, falling back to 1 default profile: "default"
15:11:2023 11:30:39 INFO  6426 --- [  restartedMain]  nv.DevToolsPropertyDefaultsPostProcessor  : Devtools property defaults active! Set 'spring.devtools.add-properties' to 'false' to disable
15:11:2023 11:30:39 INFO  6426 --- [  restartedMain]  nv.DevToolsPropertyDefaultsPostProcessor  : For additional web related logging consider setting the 'logging.level.web' property to 'DEBUG'
15:11:2023 11:30:40 INFO  6426 --- [  restartedMain]  y.config.RepositoryConfigurationDelegate  : Bootstrapping Spring Data JPA repositories in DEFAULT mode.
15:11:2023 11:30:40 INFO  6426 --- [  restartedMain]  y.config.RepositoryConfigurationDelegate  : Finished Spring Data repository scanning in 64 ms. Found 2 JPA repository interfaces.
15:11:2023 11:30:41 INFO  6426 --- [  restartedMain]  boot.web.embedded.tomcat.TomcatWebServer  : Tomcat initialized with port(s): 8080 (http)
15:11:2023 11:30:41 INFO  6426 --- [  restartedMain]  org.apache.catalina.core.StandardService  : Starting service [Tomcat]
15:11:2023 11:30:41 INFO  6426 --- [  restartedMain]  org.apache.catalina.core.StandardEngine   : Starting Servlet engine: [Apache Tomcat/10.1.13]
15:11:2023 11:30:41 INFO  6426 --- [  restartedMain]  e.ContainerBase.[Tomcat].[localhost].[/]  : Initializing Spring embedded WebApplicationContext
15:11:2023 11:30:41 INFO  6426 --- [  restartedMain]  ntext.ServletWebServerApplicationContext  : Root WebApplicationContext: initialization completed in 2195 ms
15:11:2023 11:30:42 INFO  6426 --- [  restartedMain]  rg.hibernate.jpa.internal.util.LogHelper  : HHH000204: Processing PersistenceUnitInfo [name: default]
15:11:2023 11:30:42 INFO  6426 --- [  restartedMain]  org.hibernate.Version                     : HHH000412: Hibernate ORM core version 6.2.9.Final
15:11:2023 11:30:42 INFO  6426 --- [  restartedMain]  org.hibernate.cfg.Environment             : HHH000406: Using bytecode reflection optimizer
15:11:2023 11:30:42 INFO  6426 --- [  restartedMain]  ecode.internal.BytecodeProviderInitiator  : HHH000021: Bytecode provider name : bytebuddy
15:11:2023 11:30:42 INFO  6426 --- [  restartedMain]  ersistenceunit.SpringPersistenceUnitInfo  : No LoadTimeWeaver setup: ignoring JPA class transformer
15:11:2023 11:30:42 INFO  6426 --- [  restartedMain]  com.zaxxer.hikari.HikariDataSource        : HikariPool-1 - Starting...
15:11:2023 11:30:42 INFO  6426 --- [  restartedMain]  com.zaxxer.hikari.pool.HikariPool         : HikariPool-1 - Added connection com.mysql.cj.jdbc.ConnectionImpl@3900e1a7
15:11:2023 11:30:42 INFO  6426 --- [  restartedMain]  com.zaxxer.hikari.HikariDataSource        : HikariPool-1 - Start completed.
15:11:2023 11:30:43 INFO  6426 --- [  restartedMain]  ecode.internal.BytecodeProviderInitiator  : HHH000021: Bytecode provider name : bytebuddy
15:11:2023 11:30:44 INFO  6426 --- [  restartedMain]  a.platform.internal.JtaPlatformInitiator  : HHH000490: Using JtaPlatform implementation: [org.hibernate.engine.transaction.jta.platform.internal.NoJtaPlatform]
15:11:2023 11:30:44 INFO  6426 --- [  restartedMain]  a.LocalContainerEntityManagerFactoryBean  : Initialized JPA EntityManagerFactory for persistence unit 'default'
15:11:2023 11:30:44 INFO  6426 --- [  restartedMain]  pa.repository.query.QueryEnhancerFactory  : Hibernate is in classpath; If applicable, HQL parser will be used.
15:11:2023 11:30:45 WARN  6426 --- [  restartedMain]  JpaBaseConfiguration$JpaWebConfiguration  : spring.jpa.open-in-view is enabled by default. Therefore, database queries may be performed during view rendering. Explicitly configure spring.jpa.open-in-view to disable this warning
15:11:2023 11:30:45 INFO  6426 --- [  restartedMain]  re.web.servlet.WelcomePageHandlerMapping  : Adding welcome page: class path resource [static/index.html]
15:11:2023 11:30:45 WARN  6426 --- [  restartedMain]  ion$DefaultTemplateResolverConfiguration  : Cannot find template location: classpath:/templates/ (please add some templates, check your Thymeleaf configuration, or set spring.thymeleaf.check-template-location=false)
15:11:2023 11:30:45 INFO  6426 --- [  restartedMain]  s.autoconfigure.OptionalLiveReloadServer  : LiveReload server is running on port 35729
15:11:2023 11:30:45 INFO  6426 --- [  restartedMain]  boot.web.embedded.tomcat.TomcatWebServer  : Tomcat started on port(s): 8080 (http) with context path ''
15:11:2023 11:30:45 INFO  6426 --- [  restartedMain]  com.example.form.FormApplication          : Started FormApplication in 6.837 seconds (process running for 7.582)
15:11:2023 11:30:47 INFO  6426 --- [ionShutdownHook]  a.LocalContainerEntityManagerFactoryBean  : Closing JPA EntityManagerFactory for persistence unit 'default'
15:11:2023 11:30:47 INFO  6426 --- [ionShutdownHook]  com.zaxxer.hikari.HikariDataSource        : HikariPool-1 - Shutdown initiated...
15:11:2023 11:30:47 INFO  6426 --- [ionShutdownHook]  com.zaxxer.hikari.HikariDataSource        : HikariPool-1 - Shutdown completed.
15:11:2023 11:30:51 INFO  6485 --- [  restartedMain]  com.example.form.FormApplication          : Starting FormApplication using Java 17.0.8.1 with PID 6485 (/home/assistanz/Downloads/form/target/classes started by assistanz in /home/assistanz/Downloads/form)
15:11:2023 11:30:51 INFO  6485 --- [  restartedMain]  com.example.form.FormApplication          : No active profile set, falling back to 1 default profile: "default"
15:11:2023 11:30:51 INFO  6485 --- [  restartedMain]  nv.DevToolsPropertyDefaultsPostProcessor  : Devtools property defaults active! Set 'spring.devtools.add-properties' to 'false' to disable
15:11:2023 11:30:51 INFO  6485 --- [  restartedMain]  nv.DevToolsPropertyDefaultsPostProcessor  : For additional web related logging consider setting the 'logging.level.web' property to 'DEBUG'
15:11:2023 11:30:52 INFO  6485 --- [  restartedMain]  y.config.RepositoryConfigurationDelegate  : Bootstrapping Spring Data JPA repositories in DEFAULT mode.
15:11:2023 11:30:52 INFO  6485 --- [  restartedMain]  y.config.RepositoryConfigurationDelegate  : Finished Spring Data repository scanning in 66 ms. Found 2 JPA repository interfaces.
15:11:2023 11:30:53 INFO  6485 --- [  restartedMain]  boot.web.embedded.tomcat.TomcatWebServer  : Tomcat initialized with port(s): 8080 (http)
15:11:2023 11:30:53 INFO  6485 --- [  restartedMain]  org.apache.catalina.core.StandardService  : Starting service [Tomcat]
15:11:2023 11:30:53 INFO  6485 --- [  restartedMain]  org.apache.catalina.core.StandardEngine   : Starting Servlet engine: [Apache Tomcat/10.1.13]
15:11:2023 11:30:53 INFO  6485 --- [  restartedMain]  e.ContainerBase.[Tomcat].[localhost].[/]  : Initializing Spring embedded WebApplicationContext
15:11:2023 11:30:53 INFO  6485 --- [  restartedMain]  ntext.ServletWebServerApplicationContext  : Root WebApplicationContext: initialization completed in 2095 ms
15:11:2023 11:30:53 INFO  6485 --- [  restartedMain]  rg.hibernate.jpa.internal.util.LogHelper  : HHH000204: Processing PersistenceUnitInfo [name: default]
15:11:2023 11:30:54 INFO  6485 --- [  restartedMain]  org.hibernate.Version                     : HHH000412: Hibernate ORM core version 6.2.9.Final
15:11:2023 11:30:54 INFO  6485 --- [  restartedMain]  org.hibernate.cfg.Environment             : HHH000406: Using bytecode reflection optimizer
15:11:2023 11:30:54 INFO  6485 --- [  restartedMain]  ecode.internal.BytecodeProviderInitiator  : HHH000021: Bytecode provider name : bytebuddy
15:11:2023 11:30:54 INFO  6485 --- [  restartedMain]  ersistenceunit.SpringPersistenceUnitInfo  : No LoadTimeWeaver setup: ignoring JPA class transformer
15:11:2023 11:30:54 INFO  6485 --- [  restartedMain]  com.zaxxer.hikari.HikariDataSource        : HikariPool-1 - Starting...
15:11:2023 11:30:54 INFO  6485 --- [  restartedMain]  com.zaxxer.hikari.pool.HikariPool         : HikariPool-1 - Added connection com.mysql.cj.jdbc.ConnectionImpl@a2d8f5e
15:11:2023 11:30:54 INFO  6485 --- [  restartedMain]  com.zaxxer.hikari.HikariDataSource        : HikariPool-1 - Start completed.
15:11:2023 11:30:54 INFO  6485 --- [  restartedMain]  ecode.internal.BytecodeProviderInitiator  : HHH000021: Bytecode provider name : bytebuddy
15:11:2023 11:30:55 INFO  6485 --- [  restartedMain]  a.platform.internal.JtaPlatformInitiator  : HHH000490: Using JtaPlatform implementation: [org.hibernate.engine.transaction.jta.platform.internal.NoJtaPlatform]
15:11:2023 11:30:55 INFO  6485 --- [  restartedMain]  a.LocalContainerEntityManagerFactoryBean  : Initialized JPA EntityManagerFactory for persistence unit 'default'
15:11:2023 11:30:56 INFO  6485 --- [  restartedMain]  pa.repository.query.QueryEnhancerFactory  : Hibernate is in classpath; If applicable, HQL parser will be used.
15:11:2023 11:30:56 WARN  6485 --- [  restartedMain]  JpaBaseConfiguration$JpaWebConfiguration  : spring.jpa.open-in-view is enabled by default. Therefore, database queries may be performed during view rendering. Explicitly configure spring.jpa.open-in-view to disable this warning
15:11:2023 11:30:56 INFO  6485 --- [  restartedMain]  re.web.servlet.WelcomePageHandlerMapping  : Adding welcome page: class path resource [static/index.html]
15:11:2023 11:30:57 WARN  6485 --- [  restartedMain]  ion$DefaultTemplateResolverConfiguration  : Cannot find template location: classpath:/templates/ (please add some templates, check your Thymeleaf configuration, or set spring.thymeleaf.check-template-location=false)
15:11:2023 11:30:57 INFO  6485 --- [  restartedMain]  s.autoconfigure.OptionalLiveReloadServer  : LiveReload server is running on port 35729
15:11:2023 11:30:57 INFO  6485 --- [  restartedMain]  boot.web.embedded.tomcat.TomcatWebServer  : Tomcat started on port(s): 8080 (http) with context path ''
15:11:2023 11:30:57 INFO  6485 --- [  restartedMain]  com.example.form.FormApplication          : Started FormApplication in 6.291 seconds (process running for 6.849)
15:11:2023 11:31:08 INFO  6485 --- [ionShutdownHook]  a.LocalContainerEntityManagerFactoryBean  : Closing JPA EntityManagerFactory for persistence unit 'default'
15:11:2023 11:31:08 INFO  6485 --- [ionShutdownHook]  com.zaxxer.hikari.HikariDataSource        : HikariPool-1 - Shutdown initiated...
15:11:2023 11:31:08 INFO  6485 --- [ionShutdownHook]  com.zaxxer.hikari.HikariDataSource        : HikariPool-1 - Shutdown completed.
15:11:2023 11:31:12 INFO  6552 --- [  restartedMain]  com.example.form.FormApplication          : Starting FormApplication using Java 17.0.8.1 with PID 6552 (/home/assistanz/Downloads/form/target/classes started by assistanz in /home/assistanz/Downloads/form)
15:11:2023 11:31:12 INFO  6552 --- [  restartedMain]  com.example.form.FormApplication          : No active profile set, falling back to 1 default profile: "default"
15:11:2023 11:31:12 INFO  6552 --- [  restartedMain]  nv.DevToolsPropertyDefaultsPostProcessor  : Devtools property defaults active! Set 'spring.devtools.add-properties' to 'false' to disable
15:11:2023 11:31:12 INFO  6552 --- [  restartedMain]  nv.DevToolsPropertyDefaultsPostProcessor  : For additional web related logging consider setting the 'logging.level.web' property to 'DEBUG'
15:11:2023 11:31:13 INFO  6552 --- [  restartedMain]  y.config.RepositoryConfigurationDelegate  : Bootstrapping Spring Data JPA repositories in DEFAULT mode.
15:11:2023 11:31:13 INFO  6552 --- [  restartedMain]  y.config.RepositoryConfigurationDelegate  : Finished Spring Data repository scanning in 73 ms. Found 2 JPA repository interfaces.
15:11:2023 11:31:14 INFO  6552 --- [  restartedMain]  boot.web.embedded.tomcat.TomcatWebServer  : Tomcat initialized with port(s): 8080 (http)
15:11:2023 11:31:14 INFO  6552 --- [  restartedMain]  org.apache.catalina.core.StandardService  : Starting service [Tomcat]
15:11:2023 11:31:14 INFO  6552 --- [  restartedMain]  org.apache.catalina.core.StandardEngine   : Starting Servlet engine: [Apache Tomcat/10.1.13]
15:11:2023 11:31:15 INFO  6552 --- [  restartedMain]  e.ContainerBase.[Tomcat].[localhost].[/]  : Initializing Spring embedded WebApplicationContext
15:11:2023 11:31:15 INFO  6552 --- [  restartedMain]  ntext.ServletWebServerApplicationContext  : Root WebApplicationContext: initialization completed in 2159 ms
15:11:2023 11:31:15 INFO  6552 --- [  restartedMain]  rg.hibernate.jpa.internal.util.LogHelper  : HHH000204: Processing PersistenceUnitInfo [name: default]
15:11:2023 11:31:15 INFO  6552 --- [  restartedMain]  org.hibernate.Version                     : HHH000412: Hibernate ORM core version 6.2.9.Final
15:11:2023 11:31:15 INFO  6552 --- [  restartedMain]  org.hibernate.cfg.Environment             : HHH000406: Using bytecode reflection optimizer
15:11:2023 11:31:15 INFO  6552 --- [  restartedMain]  ecode.internal.BytecodeProviderInitiator  : HHH000021: Bytecode provider name : bytebuddy
15:11:2023 11:31:15 INFO  6552 --- [  restartedMain]  ersistenceunit.SpringPersistenceUnitInfo  : No LoadTimeWeaver setup: ignoring JPA class transformer
15:11:2023 11:31:15 INFO  6552 --- [  restartedMain]  com.zaxxer.hikari.HikariDataSource        : HikariPool-1 - Starting...
15:11:2023 11:31:15 INFO  6552 --- [  restartedMain]  com.zaxxer.hikari.pool.HikariPool         : HikariPool-1 - Added connection com.mysql.cj.jdbc.ConnectionImpl@6eeb7acb
15:11:2023 11:31:15 INFO  6552 --- [  restartedMain]  com.zaxxer.hikari.HikariDataSource        : HikariPool-1 - Start completed.
15:11:2023 11:31:16 INFO  6552 --- [  restartedMain]  ecode.internal.BytecodeProviderInitiator  : HHH000021: Bytecode provider name : bytebuddy
15:11:2023 11:31:17 INFO  6552 --- [  restartedMain]  a.platform.internal.JtaPlatformInitiator  : HHH000490: Using JtaPlatform implementation: [org.hibernate.engine.transaction.jta.platform.internal.NoJtaPlatform]
15:11:2023 11:31:17 INFO  6552 --- [  restartedMain]  a.LocalContainerEntityManagerFactoryBean  : Initialized JPA EntityManagerFactory for persistence unit 'default'
15:11:2023 11:31:17 INFO  6552 --- [  restartedMain]  pa.repository.query.QueryEnhancerFactory  : Hibernate is in classpath; If applicable, HQL parser will be used.
15:11:2023 11:31:18 WARN  6552 --- [  restartedMain]  JpaBaseConfiguration$JpaWebConfiguration  : spring.jpa.open-in-view is enabled by default. Therefore, database queries may be performed during view rendering. Explicitly configure spring.jpa.open-in-view to disable this warning
15:11:2023 11:31:18 INFO  6552 --- [  restartedMain]  re.web.servlet.WelcomePageHandlerMapping  : Adding welcome page: class path resource [static/index.html]
15:11:2023 11:31:18 WARN  6552 --- [  restartedMain]  ion$DefaultTemplateResolverConfiguration  : Cannot find template location: classpath:/templates/ (please add some templates, check your Thymeleaf configuration, or set spring.thymeleaf.check-template-location=false)
15:11:2023 11:31:18 INFO  6552 --- [  restartedMain]  s.autoconfigure.OptionalLiveReloadServer  : LiveReload server is running on port 35729
15:11:2023 11:31:18 INFO  6552 --- [  restartedMain]  boot.web.embedded.tomcat.TomcatWebServer  : Tomcat started on port(s): 8080 (http) with context path ''
15:11:2023 11:31:18 INFO  6552 --- [  restartedMain]  com.example.form.FormApplication          : Started FormApplication in 6.436 seconds (process running for 7.114)
15:11:2023 11:31:29 INFO  6552 --- [ionShutdownHook]  a.LocalContainerEntityManagerFactoryBean  : Closing JPA EntityManagerFactory for persistence unit 'default'
15:11:2023 11:31:29 INFO  6552 --- [ionShutdownHook]  com.zaxxer.hikari.HikariDataSource        : HikariPool-1 - Shutdown initiated...
15:11:2023 11:31:29 INFO  6552 --- [ionShutdownHook]  com.zaxxer.hikari.HikariDataSource        : HikariPool-1 - Shutdown completed.
